<?xml version="1.0" encoding="UTF-8"?>
<!-- Generated by org.testng.reporters.JUnitXMLReporter -->
<testsuite ignored="0" hostname="BDC11-L-7200DN4" failures="1" tests="1" name="FirefoxTest" time="9.102" errors="0" timestamp="16 Oct 2018 10:56:39 GMT">
  <testcase classname="com.start1.Base1" name="configM" time="9.052">
    <failure type="org.openqa.selenium.UnsupportedCommandException" message="
Command duration or timeout: 6 milliseconds
Build info: version: &amp;apos;2.41.0&amp;apos;, revision: &amp;apos;3192d8a&amp;apos;, time: &amp;apos;2014-03-27 17:18:15&amp;apos;
System info: host: &amp;apos;BDC11-L-7200DN4&amp;apos;, ip: &amp;apos;10.225.254.106&amp;apos;, os.name: &amp;apos;Windows 10&amp;apos;, os.arch: &amp;apos;amd64&amp;apos;, os.version: &amp;apos;10.0&amp;apos;, java.version: &amp;apos;10.0.2&amp;apos;
Driver info: org.openqa.selenium.ie.InternetExplorerDriver
Capabilities [{capabilities={proxy={}, acceptInsecureCerts=false, browserVersion=11, se:ieOptions={nativeEvents=true, browserAttachTimeout=0, ie.ensureCleanSession=false, elementScrollBehavior=0, enablePersistentHover=true, ie.browserCommandLineSwitches=, ie.forceCreateProcessApi=false, requireWindowFocus=false, initialBrowserUrl=http://localhost:19186/, ignoreZoomSetting=false, ie.fileUploadDialogTimeout=3000, ignoreProtectedModeSettings=false}, timeouts={implicit=0, pageLoad=300000, script=30000}, browserName=internet explorer, pageLoadStrategy=normal, unhandledPromptBehavior=dismiss, platformName=windows, setWindowRect=true}, sessionId=a6e32927-66a3-4838-9e0a-86690d33dbc0, platform=ANY}]
Session ID: null">
      <![CDATA[org.openqa.selenium.UnsupportedCommandException: 
Command duration or timeout: 6 milliseconds
Build info: version: '2.41.0', revision: '3192d8a', time: '2014-03-27 17:18:15'
System info: host: 'BDC11-L-7200DN4', ip: '10.225.254.106', os.name: 'Windows 10', os.arch: 'amd64', os.version: '10.0', java.version: '10.0.2'
Driver info: org.openqa.selenium.ie.InternetExplorerDriver
Capabilities [{capabilities={proxy={}, acceptInsecureCerts=false, browserVersion=11, se:ieOptions={nativeEvents=true, browserAttachTimeout=0, ie.ensureCleanSession=false, elementScrollBehavior=0, enablePersistentHover=true, ie.browserCommandLineSwitches=, ie.forceCreateProcessApi=false, requireWindowFocus=false, initialBrowserUrl=http://localhost:19186/, ignoreZoomSetting=false, ie.fileUploadDialogTimeout=3000, ignoreProtectedModeSettings=false}, timeouts={implicit=0, pageLoad=300000, script=30000}, browserName=internet explorer, pageLoadStrategy=normal, unhandledPromptBehavior=dismiss, platformName=windows, setWindowRect=true}, sessionId=a6e32927-66a3-4838-9e0a-86690d33dbc0, platform=ANY}]
Session ID: null
at org.openqa.selenium.remote.ErrorHandler.createThrowable(ErrorHandler.java:193)
at org.openqa.selenium.remote.ErrorHandler.throwIfResponseFailed(ErrorHandler.java:145)
at org.openqa.selenium.remote.RemoteWebDriver.execute(RemoteWebDriver.java:595)
at org.openqa.selenium.remote.RemoteWebDriver.get(RemoteWebDriver.java:300)
at com.start1.Base1.configM(Base1.java:59)
... Removed 29 stack frames]]>
    </failure>
  </testcase> <!-- configM -->
</testsuite> <!-- FirefoxTest -->
